<?xml version="1.0" encoding="UTF-8"?>
<testng-results skipped="0" failed="0" ignored="0" total="1" passed="1">
  <reporter-output>
  </reporter-output>
  <suite name="Default suite" duration-ms="12738" started-at="2019-09-18T11:59:08Z" finished-at="2019-09-18T11:59:21Z">
    <groups>
    </groups>
    <test name="Default test" duration-ms="12738" started-at="2019-09-18T11:59:08Z" finished-at="2019-09-18T11:59:21Z">
      <class name="com.cogitate.pos.LoginTest">
        <test-method status="PASS" signature="setUp()[pri:0, instance:com.cogitate.pos.LoginTest@3d121db3]" name="setUp" is-config="true" duration-ms="8916" started-at="2019-09-18T11:59:08Z" finished-at="2019-09-18T11:59:17Z">
          <reporter-output>
          </reporter-output>
        </test-method> <!-- setUp -->
        <test-method status="PASS" signature="loginTest()[pri:1, instance:com.cogitate.pos.LoginTest@3d121db3]" name="loginTest" duration-ms="3065" started-at="2019-09-18T11:59:17Z" description="login test with correct username and correct password...." finished-at="2019-09-18T11:59:20Z">
          <reporter-output>
          </reporter-output>
        </test-method> <!-- loginTest -->
        <test-method status="PASS" signature="tearDown()[pri:0, instance:com.cogitate.pos.LoginTest@3d121db3]" name="tearDown" is-config="true" duration-ms="574" started-at="2019-09-18T11:59:20Z" finished-at="2019-09-18T11:59:21Z">
          <reporter-output>
          </reporter-output>
        </test-method> <!-- tearDown -->
      </class> <!-- com.cogitate.pos.LoginTest -->
    </test> <!-- Default test -->
  </suite> <!-- Default suite -->
</testng-results>
